2015-01-26 11:05:00,686 - Temperature_GF_Corridor  : 18.50000000
2015-01-26 11:05:00,690 - Temperature_GF_Toilet    : 21.80000000
2015-01-26 11:05:00,694 - Temperature_GF_Living    : 17.70000000
2015-01-26 11:05:00,698 - Temperature_GF_Kitchen   : 19.90000000
2015-01-26 11:05:00,702 - Temperature_FF_Bath      : 20.20000000
2015-01-26 11:05:00,706 - Temperature_FF_Office    : 19.10000000
2015-01-26 11:05:00,710 - Temperature_FF_Child     : 20.50000000
2015-01-26 11:05:00,714 - Temperature_FF_Bed       : 22.20000000
2015-01-26 11:10:00,141 - Temperature_GF_Corridor  : 17.80000000
2015-01-26 11:10:00,146 - Temperature_GF_Toilet    : 22.50000000
2015-01-26 11:10:00,151 - Temperature_GF_Living    : 20.30000000
2015-01-26 11:10:00,154 - Temperature_GF_Kitchen   : 19.80000000
2015-01-26 11:10:00,160 - Temperature_FF_Office    : 21.90000000
2015-01-26 11:10:00,164 - Temperature_FF_Child     : 20.30000000
2015-01-26 11:10:00,169 - Temperature_FF_Bed       : 19.10000000
2015-01-26 11:15:00,388 - Temperature_GF_Corridor  : 20.60000000
2015-01-26 11:15:00,392 - Temperature_GF_Toilet    : 22.20000000
2015-01-26 11:15:00,396 - Temperature_GF_Living    : 21.80000000
2015-01-26 11:15:00,400 - Temperature_GF_Kitchen   : 18.50000000
2015-01-26 11:15:00,403 - Temperature_FF_Bath      : 19.20000000
2015-01-26 11:15:00,407 - Temperature_FF_Office    : 19.60000000
2015-01-26 11:15:00,411 - Temperature_FF_Child     : 22.30000000
2015-01-26 11:15:00,415 - Temperature_FF_Bed       : 18.50000000
2015-01-26 11:20:00,787 - Temperature_GF_Corridor  : 21.20000000
2015-01-26 11:20:00,791 - Temperature_GF_Toilet    : 18.70000000
2015-01-26 11:20:00,794 - Temperature_GF_Living    : 20.00000000
2015-01-26 11:20:00,798 - Temperature_GF_Kitchen   : 18.90000000
2015-01-26 11:20:00,806 - Temperature_FF_Bath      : 18.70000000
2015-01-26 11:20:00,810 - Temperature_FF_Office    : 20.90000000
2015-01-26 11:20:00,814 - Temperature_FF_Child     : 20.50000000
2015-01-26 11:20:00,817 - Temperature_FF_Bed       : 18.00000000
2015-01-26 11:25:00,196 - Temperature_GF_Corridor  : 19.90000000
2015-01-26 11:25:00,199 - Temperature_GF_Toilet    : 19.80000000
2015-01-26 11:25:00,203 - Temperature_GF_Living    : 22.30000000
2015-01-26 11:25:00,207 - Temperature_GF_Kitchen   : 22.10000000
2015-01-26 11:25:00,211 - Temperature_FF_Bath      : 21.20000000
2015-01-26 11:25:00,214 - Temperature_FF_Office    : 20.70000000
2015-01-26 11:25:00,218 - Temperature_FF_Child     : 17.70000000
2015-01-26 11:25:00,222 - Temperature_FF_Bed       : 18.40000000
2015-01-26 11:30:00,245 - Temperature_GF_Corridor  : 21.10000000
2015-01-26 11:30:00,249 - Temperature_GF_Toilet    : 21.90000000
2015-01-26 11:30:00,253 - Temperature_GF_Living    : 19.30000000
2015-01-26 11:30:00,256 - Temperature_GF_Kitchen   : 18.20000000
2015-01-26 11:30:00,259 - Temperature_FF_Bath      : 19.80000000
2015-01-26 11:30:00,262 - Temperature_FF_Office    : 20.50000000
2015-01-26 11:30:00,264 - Temperature_FF_Child     : 21.20000000
2015-01-26 11:30:00,267 - Temperature_FF_Bed       : 20.00000000
2015-01-26 11:35:00,344 - Temperature_GF_Corridor  : 18.00000000
2015-01-26 11:35:00,348 - Temperature_GF_Toilet    : 18.50000000
2015-01-26 11:35:00,351 - Temperature_GF_Living    : 18.30000000
2015-01-26 11:35:00,355 - Temperature_GF_Kitchen   : 22.20000000
2015-01-26 11:35:00,359 - Temperature_FF_Bath      : 22.10000000
2015-01-26 11:35:00,362 - Temperature_FF_Office    : 22.30000000
2015-01-26 11:35:00,366 - Temperature_FF_Child     : 21.00000000
2015-01-26 11:35:00,369 - Temperature_FF_Bed       : 18.70000000
2015-01-26 15:45:00,098 - Temperature_GF_Corridor  : 18.80000000
2015-01-26 15:45:00,122 - Temperature_GF_Toilet    : 20.10000000
2015-01-26 15:45:00,131 - Temperature_GF_Living    : 20.30000000
2015-01-26 15:45:00,141 - Temperature_GF_Kitchen   : 17.90000000
2015-01-26 15:45:00,152 - Temperature_FF_Bath      : 22.40000000
2015-01-26 15:45:00,163 - Temperature_FF_Office    : 22.20000000
2015-01-26 15:45:00,172 - Temperature_FF_Child     : 18.40000000
2015-01-26 15:45:00,183 - Temperature_FF_Bed       : 20.60000000
2015-01-26 15:50:00,017 - Temperature_GF_Corridor  : 22.30000000
2015-01-26 15:50:00,033 - Temperature_GF_Toilet    : 20.90000000
2015-01-26 15:50:00,041 - Temperature_GF_Living    : 17.70000000
2015-01-26 15:50:00,049 - Temperature_GF_Kitchen   : 20.20000000
2015-01-26 15:50:00,059 - Temperature_FF_Bath      : 20.50000000
2015-01-26 15:50:00,069 - Temperature_FF_Office    : 20.30000000
2015-01-26 15:50:00,077 - Temperature_FF_Child     : 21.90000000
2015-01-26 15:50:00,085 - Temperature_FF_Bed       : 17.70000000
2015-01-26 15:55:00,017 - Temperature_GF_Corridor  : 22.40000000
2015-01-26 15:55:00,026 - Temperature_GF_Toilet    : 22.30000000
2015-01-26 15:55:00,035 - Temperature_GF_Living    : 19.50000000
2015-01-26 15:55:00,045 - Temperature_GF_Kitchen   : 21.40000000
2015-01-26 15:55:00,054 - Temperature_FF_Bath      : 18.00000000
2015-01-26 15:55:00,063 - Temperature_FF_Office    : 19.00000000
2015-01-26 15:55:00,072 - Temperature_FF_Child     : 22.40000000
2015-01-26 15:55:00,082 - Temperature_FF_Bed       : 18.70000000
2015-01-26 16:00:00,029 - Temperature_GF_Corridor  : 20.30000000
2015-01-26 16:00:00,039 - Temperature_GF_Toilet    : 22.10000000
2015-01-26 16:00:00,047 - Temperature_GF_Living    : 22.10000000
2015-01-26 16:00:00,054 - Temperature_GF_Kitchen   : 18.60000000
2015-01-26 16:00:00,062 - Temperature_FF_Bath      : 20.70000000
2015-01-26 16:00:00,069 - Temperature_FF_Office    : 17.80000000
2015-01-26 16:00:00,077 - Temperature_FF_Child     : 21.60000000
2015-01-26 16:00:00,084 - Temperature_FF_Bed       : 20.90000000
2015-01-26 16:05:00,034 - Temperature_GF_Corridor  : 20.50000000
2015-01-26 16:05:00,046 - Temperature_GF_Toilet    : 20.60000000
2015-01-26 16:05:00,058 - Temperature_GF_Living    : 18.90000000
2015-01-26 16:05:00,068 - Temperature_GF_Kitchen   : 21.00000000
2015-01-26 16:05:00,076 - Temperature_FF_Bath      : 22.30000000
2015-01-26 16:05:00,086 - Temperature_FF_Office    : 20.60000000
2015-01-26 16:05:00,096 - Temperature_FF_Child     : 21.80000000
2015-01-26 18:50:00,024 - Temperature_GF_Corridor  : 19.50000000
2015-01-26 18:50:00,048 - Temperature_GF_Toilet    : 19.70000000
2015-01-26 18:50:00,055 - Temperature_GF_Living    : 20.10000000
2015-01-26 18:50:00,062 - Temperature_GF_Kitchen   : 19.40000000
2015-01-26 18:50:00,074 - Temperature_FF_Bath      : 18.10000000
2015-01-26 18:50:00,084 - Temperature_FF_Office    : 21.10000000
2015-01-26 18:50:00,092 - Temperature_FF_Child     : 18.70000000
2015-01-26 18:50:00,100 - Temperature_FF_Bed       : 20.40000000
2015-02-02 13:30:00,056 - Temperature_GF_Corridor  : 20.70000000
2015-02-02 13:30:00,115 - Temperature_GF_Toilet    : 22.40000000
2015-02-02 13:30:00,148 - Temperature_GF_Living    : 19.20000000
2015-02-02 13:30:00,178 - Temperature_GF_Kitchen   : 20.20000000
2015-02-02 13:30:00,217 - Temperature_FF_Bath      : 19.50000000
2015-02-02 13:30:00,254 - Temperature_FF_Office    : 18.10000000
2015-02-02 13:30:00,289 - Temperature_FF_Child     : 18.40000000
2015-02-02 13:30:00,336 - Temperature_FF_Bed       : 18.40000000
2015-02-02 13:37:52,279 - Temperature_GF_Corridor  : 19.90000000
2015-02-02 13:37:52,287 - Temperature_GF_Toilet    : 22.30000000
2015-02-02 13:37:52,294 - Temperature_GF_Living    : 18.30000000
2015-02-02 13:37:52,301 - Temperature_GF_Kitchen   : 19.20000000
2015-02-02 13:37:52,309 - Temperature_FF_Bath      : 20.20000000
2015-02-02 13:37:52,318 - Temperature_FF_Office    : 17.60000000
2015-02-02 13:37:52,325 - Temperature_FF_Child     : 18.00000000
2015-02-02 13:37:52,332 - Temperature_FF_Bed       : 21.10000000
2015-02-02 15:05:00,039 - Temperature_GF_Corridor  : 22.40000000
2015-02-02 15:05:00,076 - Temperature_GF_Toilet    : 21.90000000
2015-02-02 15:05:00,088 - Temperature_GF_Living    : 22.10000000
2015-02-02 15:05:00,100 - Temperature_GF_Kitchen   : 20.50000000
2015-02-02 15:05:00,109 - Temperature_FF_Bath      : 20.10000000
2015-02-02 15:05:00,117 - Temperature_FF_Office    : 19.60000000
2015-02-02 15:05:00,125 - Temperature_FF_Child     : 21.40000000
2015-02-02 15:05:00,136 - Temperature_FF_Bed       : 21.70000000
2015-02-02 15:10:00,015 - Temperature_GF_Corridor  : 18.30000000
2015-02-02 15:10:00,022 - Temperature_GF_Toilet    : 18.60000000
2015-02-02 15:10:00,034 - Temperature_GF_Kitchen   : 21.20000000
2015-02-02 15:10:00,042 - Temperature_FF_Bath      : 19.20000000
2015-02-02 15:10:00,050 - Temperature_FF_Office    : 20.00000000
2015-02-02 15:10:00,058 - Temperature_FF_Child     : 20.20000000
2015-02-02 15:10:00,065 - Temperature_FF_Bed       : 20.50000000
2015-02-02 15:19:31,914 - Temperature_GF_Corridor  : 21.30000000
2015-02-02 15:19:31,928 - Temperature_GF_Toilet    : 20.10000000
2015-02-02 15:19:31,948 - Temperature_GF_Living    : 20.10000000
2015-02-02 15:19:31,964 - Temperature_GF_Kitchen   : 21.90000000
2015-02-02 15:19:31,983 - Temperature_FF_Bath      : 21.30000000
2015-02-02 15:19:31,997 - Temperature_FF_Office    : 18.20000000
2015-02-02 15:19:32,015 - Temperature_FF_Child     : 22.30000000
2015-02-02 15:19:32,029 - Temperature_FF_Bed       : 19.70000000
2015-02-02 15:20:00,014 - Temperature_GF_Corridor  : 21.00000000
2015-02-02 15:20:00,034 - Temperature_GF_Toilet    : 20.50000000
2015-02-02 15:20:00,044 - Temperature_GF_Living    : 20.60000000
2015-02-02 15:20:00,051 - Temperature_GF_Kitchen   : 19.90000000
2015-02-02 15:20:00,058 - Temperature_FF_Bath      : 19.10000000
2015-02-02 15:20:00,065 - Temperature_FF_Office    : 19.30000000
2015-02-02 15:20:00,072 - Temperature_FF_Child     : 18.20000000
2015-02-02 15:20:00,080 - Temperature_FF_Bed       : 19.90000000
2015-02-02 17:56:04,930 - Temperature_GF_Corridor  : 19.90000000
2015-02-02 17:56:04,953 - Temperature_GF_Toilet    : 19.30000000
2015-02-02 17:56:04,962 - Temperature_GF_Living    : 17.90000000
2015-02-02 17:56:04,970 - Temperature_GF_Kitchen   : 22.50000000
2015-02-02 17:56:04,978 - Temperature_FF_Bath      : 19.00000000
2015-02-02 17:56:04,986 - Temperature_FF_Office    : 19.00000000
2015-02-02 17:56:04,994 - Temperature_FF_Child     : 21.10000000
2015-02-02 17:56:05,002 - Temperature_FF_Bed       : 22.00000000
2015-02-02 18:00:00,026 - Temperature_GF_Corridor  : 18.40000000
2015-02-02 18:00:00,033 - Temperature_GF_Toilet    : 22.30000000
2015-02-02 18:00:00,041 - Temperature_GF_Living    : 21.90000000
2015-02-02 18:00:00,047 - Temperature_GF_Kitchen   : 22.00000000
2015-02-02 18:00:00,056 - Temperature_FF_Bath      : 22.40000000
2015-02-02 18:00:00,066 - Temperature_FF_Office    : 17.90000000
2015-02-02 18:00:00,073 - Temperature_FF_Child     : 20.50000000
2015-02-02 18:00:00,080 - Temperature_FF_Bed       : 17.60000000
2015-02-02 18:05:00,022 - Temperature_GF_Corridor  : 22.00000000
2015-02-02 18:05:00,034 - Temperature_GF_Toilet    : 18.00000000
2015-02-02 18:05:00,042 - Temperature_GF_Living    : 19.90000000
2015-02-02 18:05:00,048 - Temperature_GF_Kitchen   : 18.80000000
2015-02-02 18:05:00,055 - Temperature_FF_Bath      : 19.30000000
2015-02-02 18:05:00,061 - Temperature_FF_Office    : 21.30000000
2015-02-02 18:05:00,069 - Temperature_FF_Child     : 20.20000000
2015-02-02 18:05:00,078 - Temperature_FF_Bed       : 21.00000000
